<?xml version="1.0" encoding="UTF-8"?>
<!-- Generated by org.testng.reporters.JUnitXMLReporter -->
<testsuite ignored="1" hostname="DESKTOP-RN62EUK" failures="0" tests="1" name="Default test" time="3.772" errors="0" timestamp="2024-09-26T14:36:06 EDT">
  <testcase classname="postMethod.PostRequest" name="bererToken" time="3.643"/>
  <testcase classname="postMethod.PostRequest" name="postMethodTest" time="0.0">
    <ignored/>
  </testcase> <!-- postMethodTest -->
</testsuite> <!-- Default test -->
