<?xml version="1.0" encoding="UTF-8"?>
<!-- Generated by org.testng.reporters.JUnitXMLReporter -->
<testsuite ignored="0" hostname="DESKTOP-RN62EUK" failures="0" tests="4" name="Test" time="4.406" errors="0" timestamp="2023-01-24T16:41:25 EST">
  <testcase classname="getMethod.GetRequest" name="getMethodTest" time="1.868"/>
  <testcase classname="putMehod.PutRequest" name="postTest" time="1.017"/>
  <testcase classname="postMethod.PostRequest" name="bererToken" time="0.999"/>
  <testcase classname="postMethod.PostRequest" name="postMethodTest" time="0.452"/>
</testsuite> <!-- Test -->
